{
  "RSpec": {
    "coverage": {
      "/home/demitriy/Disk/RoR/2 - Online_shop/shop/app/models/admin.rb": [
        1,
        null,
        null,
        null,
        1,
        null,
        null,
        1,
        null,
        null
      ],
      "/home/demitriy/Disk/RoR/2 - Online_shop/shop/app/controllers/application_controller.rb": [
        1,
        1,
        null,
        1,
        null,
        null,
        1,
        null,
        1,
        22,
        null,
        15,
        15,
        15,
        null,
        null,
        1,
        null,
        1,
        1,
        null,
        null
      ],
      "/home/demitriy/Disk/RoR/2 - Online_shop/shop/app/helpers/application_helper.rb": [
        1,
        1,
        0,
        null,
        null
      ],
      "/home/demitriy/Disk/RoR/2 - Online_shop/shop/app/helpers/brands_helper.rb": [
        1,
        null
      ],
      "/home/demitriy/Disk/RoR/2 - Online_shop/shop/app/helpers/categories_helper.rb": [
        1,
        null
      ],
      "/home/demitriy/Disk/RoR/2 - Online_shop/shop/app/helpers/line_items_helper.rb": [
        1,
        null
      ],
      "/home/demitriy/Disk/RoR/2 - Online_shop/shop/app/helpers/orders_helper.rb": [
        1,
        null
      ],
      "/home/demitriy/Disk/RoR/2 - Online_shop/shop/app/helpers/products_helper.rb": [
        1,
        null
      ],
      "/home/demitriy/Disk/RoR/2 - Online_shop/shop/app/helpers/welcome_helper.rb": [
        1,
        null
      ],
      "/home/demitriy/Disk/RoR/2 - Online_shop/shop/app/controllers/admin/base_controller.rb": [
        1,
        1,
        1,
        null,
        1,
        null,
        null,
        null
      ],
      "/home/demitriy/Disk/RoR/2 - Online_shop/shop/app/controllers/admin/brands_controller.rb": [
        1,
        1,
        null,
        1,
        0,
        null,
        null,
        1,
        0,
        null,
        null,
        1,
        0,
        null,
        0,
        0,
        0,
        null,
        0,
        null,
        null,
        null,
        1,
        0,
        0,
        null,
        0,
        0,
        null,
        null
      ],
      "/home/demitriy/Disk/RoR/2 - Online_shop/shop/app/models/brand.rb": [
        1,
        1,
        null,
        1,
        null,
        1,
        null,
        1,
        null
      ],
      "/home/demitriy/Disk/RoR/2 - Online_shop/shop/app/controllers/admin/categories_controller.rb": [
        1,
        1,
        null,
        1,
        0,
        null,
        null,
        1,
        0,
        null,
        null,
        1,
        0,
        null,
        0,
        0,
        0,
        null,
        0,
        null,
        null,
        null,
        1,
        0,
        0,
        null,
        0,
        0,
        null,
        null
      ],
      "/home/demitriy/Disk/RoR/2 - Online_shop/shop/app/models/category.rb": [
        1,
        1,
        null,
        1,
        null,
        1,
        null,
        1,
        null
      ],
      "/home/demitriy/Disk/RoR/2 - Online_shop/shop/app/controllers/admin/orders_controller.rb": [
        1,
        1,
        null,
        1,
        null,
        0,
        null,
        null,
        1,
        0,
        null,
        null,
        1,
        0,
        0,
        null,
        0,
        0,
        null,
        null
      ],
      "/home/demitriy/Disk/RoR/2 - Online_shop/shop/app/models/order.rb": [
        null,
        1,
        1,
        null,
        null,
        null,
        null,
        null,
        null,
        null,
        null,
        null,
        null,
        null,
        null,
        null,
        1,
        1,
        1,
        null,
        null,
        null,
        null,
        null,
        null,
        null,
        null,
        null,
        null,
        null,
        null,
        null,
        null,
        null,
        null,
        null,
        null,
        null,
        null,
        null,
        null,
        null,
        null,
        null,
        null,
        null,
        1,
        null,
        1,
        1,
        null,
        null,
        1,
        1,
        1,
        1,
        1,
        1,
        null,
        1,
        1,
        null,
        1,
        5,
        0,
        0,
        null,
        null,
        null,
        null,
        1,
        0,
        null,
        null
      ],
      "/home/demitriy/Disk/RoR/2 - Online_shop/shop/app/controllers/admin/products_controller.rb": [
        1,
        1,
        null,
        1,
        0,
        null,
        null,
        1,
        0,
        null,
        null,
        1,
        0,
        null,
        null,
        1,
        0,
        null,
        0,
        0,
        0,
        null,
        0,
        null,
        null,
        null,
        1,
        0,
        null,
        null,
        1,
        0,
        null,
        0,
        0,
        0,
        null,
        0,
        null,
        null,
        null,
        1,
        0,
        null,
        0,
        0,
        null,
        null
      ],
      "/home/demitriy/Disk/RoR/2 - Online_shop/shop/app/models/product.rb": [
        1,
        1,
        null,
        1,
        1,
        1,
        1,
        1,
        1,
        1,
        1,
        1,
        null,
        null,
        1,
        1,
        1,
        1,
        null,
        1,
        null,
        1,
        1,
        null,
        null,
        1,
        1,
        1,
        null,
        1,
        null,
        1,
        null,
        1,
        0,
        0,
        null,
        0,
        0,
        null,
        null,
        null
      ],
      "/home/demitriy/Disk/RoR/2 - Online_shop/shop/app/controllers/carts_controller.rb": [
        1,
        1,
        1,
        1,
        1,
        0,
        0,
        0,
        null,
        1,
        1,
        1,
        null,
        null,
        null,
        null,
        1,
        2,
        2,
        null,
        2,
        null,
        2,
        4,
        null,
        null,
        null
      ],
      "/home/demitriy/Disk/RoR/2 - Online_shop/shop/app/models/cart.rb": [
        1,
        1,
        null,
        1,
        0,
        0,
        0,
        0,
        null,
        0,
        null,
        null,
        0,
        null,
        null,
        1,
        0,
        null,
        null,
        1,
        0,
        0,
        0,
        null,
        0,
        null,
        null,
        0,
        null,
        null,
        1,
        0,
        0,
        0,
        null,
        null,
        null
      ],
      "/home/demitriy/Disk/RoR/2 - Online_shop/shop/app/controllers/line_items_controller.rb": [
        1,
        1,
        5,
        5,
        0,
        null,
        0,
        0,
        0,
        null,
        0,
        null,
        null,
        null,
        null,
        1,
        2,
        2,
        2,
        null,
        2,
        2,
        2,
        2,
        4,
        null,
        0,
        null,
        null,
        null,
        null,
        1,
        0,
        0,
        0,
        null,
        0,
        0,
        0,
        0,
        0,
        null,
        0,
        0,
        0,
        null,
        null,
        null,
        null,
        null,
        1,
        0,
        0,
        0,
        0,
        0,
        0,
        0,
        null,
        null,
        null,
        null
      ],
      "/home/demitriy/Disk/RoR/2 - Online_shop/shop/app/models/line_item.rb": [
        1,
        1,
        null,
        1,
        1,
        1,
        null,
        36,
        null
      ],
      "/home/demitriy/Disk/RoR/2 - Online_shop/shop/app/controllers/optional_pages_controller.rb": [
        1,
        1,
        null,
        1,
        null,
        null,
        1,
        null,
        null,
        1,
        null,
        null,
        1,
        null,
        null,
        1,
        null,
        null,
        1,
        null,
        null,
        1,
        null,
        null,
        1,
        null,
        null,
        1,
        null,
        null,
        1,
        null,
        null,
        1,
        1,
        0,
        0,
        null,
        null
      ],
      "/home/demitriy/Disk/RoR/2 - Online_shop/shop/app/controllers/orders_controller.rb": [
        1,
        1,
        1,
        1,
        null,
        1,
        1,
        1,
        null,
        null,
        0,
        null,
        0,
        0,
        0,
        null,
        null,
        null,
        1,
        5,
        5,
        null,
        5,
        5,
        0,
        0,
        null,
        0,
        null,
        5,
        5,
        null,
        10,
        null,
        null,
        null,
        null
      ],
      "/home/demitriy/Disk/RoR/2 - Online_shop/shop/app/controllers/products_controller.rb": [
        null,
        1,
        null,
        1,
        null,
        0,
        null,
        null,
        null,
        null,
        null,
        null,
        0,
        null,
        null,
        null,
        null,
        0,
        null,
        0,
        null,
        0,
        null,
        0,
        0,
        null,
        0,
        null,
        0,
        0,
        null,
        null,
        null,
        0,
        0,
        0,
        null,
        0,
        null,
        null,
        0,
        0,
        null,
        null,
        0,
        0,
        null,
        null,
        null,
        1,
        0,
        0,
        0,
        null,
        null
      ],
      "/home/demitriy/Disk/RoR/2 - Online_shop/shop/app/controllers/sessions_controller.rb": [
        1,
        null,
        1,
        null,
        1,
        0,
        null,
        null
      ],
      "/home/demitriy/Disk/RoR/2 - Online_shop/shop/app/controllers/welcome_controller.rb": [
        1,
        1,
        2,
        2,
        null,
        null
      ]
    },
    "timestamp": 1364935888
  }
}
